TN:
SF:server\db.js
FN:19,(anonymous_0)
FN:24,(anonymous_1)
FN:28,(anonymous_2)
FN:32,(anonymous_3)
FN:37,(anonymous_4)
FN:41,(anonymous_5)
FN:46,(anonymous_6)
FN:60,(anonymous_7)
FN:69,(anonymous_8)
FN:86,(anonymous_9)
FN:96,(anonymous_10)
FNF:11
FNH:3
FNDA:5,(anonymous_0)
FNDA:5,(anonymous_1)
FNDA:0,(anonymous_2)
FNDA:0,(anonymous_3)
FNDA:5,(anonymous_4)
FNDA:0,(anonymous_5)
FNDA:0,(anonymous_6)
FNDA:0,(anonymous_7)
FNDA:0,(anonymous_8)
FNDA:0,(anonymous_9)
FNDA:0,(anonymous_10)
DA:2,1
DA:4,1
DA:5,1
DA:11,1
DA:19,1
DA:20,5
DA:25,5
DA:26,0
DA:30,0
DA:33,0
DA:39,5
DA:42,0
DA:46,1
DA:47,0
DA:49,0
DA:51,0
DA:53,0
DA:55,0
DA:57,0
DA:60,1
DA:61,0
DA:63,0
DA:65,0
DA:66,0
DA:69,1
DA:70,0
DA:72,0
DA:74,0
DA:75,0
DA:77,0
DA:78,0
DA:80,0
DA:81,0
DA:83,0
DA:86,1
DA:87,0
DA:88,0
DA:90,0
DA:91,0
DA:93,0
DA:96,1
DA:97,0
DA:98,0
DA:100,0
DA:101,0
DA:105,1
LF:46
LH:14
BRDA:4,0,0,1
BRDA:4,0,1,0
BRDA:7,1,0,1
BRDA:7,1,1,0
BRDA:25,2,0,0
BRDA:25,2,1,5
BRF:6
BRH:3
end_of_record
TN:
SF:server\server.js
FN:41,(anonymous_0)
FN:48,(anonymous_1)
FN:55,(anonymous_2)
FN:61,(anonymous_3)
FN:65,(anonymous_4)
FNF:5
FNH:3
FNDA:4,(anonymous_0)
FNDA:2,(anonymous_1)
FNDA:0,(anonymous_2)
FNDA:0,(anonymous_3)
FNDA:1,(anonymous_4)
DA:2,1
DA:3,1
DA:4,1
DA:5,1
DA:6,1
DA:7,1
DA:8,1
DA:9,1
DA:10,1
DA:11,1
DA:13,1
DA:14,1
DA:15,1
DA:18,1
DA:21,1
DA:25,1
DA:26,1
DA:27,1
DA:28,1
DA:29,1
DA:30,1
DA:32,1
DA:35,1
DA:37,1
DA:41,4
DA:44,1
DA:45,1
DA:48,1
DA:49,2
DA:50,2
DA:55,1
DA:56,0
DA:57,0
DA:61,1
DA:62,0
DA:65,1
DA:66,1
DA:69,1
LF:38
LH:35
BRDA:18,0,0,1
BRDA:18,0,1,1
BRDA:49,1,0,2
BRDA:49,1,1,0
BRF:4
BRH:3
end_of_record
TN:
SF:server\controllers\lecture-controller.js
FN:5,(anonymous_0)
FN:36,(anonymous_1)
FN:47,(anonymous_2)
FN:50,(anonymous_3)
FN:58,(anonymous_4)
FN:84,(anonymous_5)
FN:87,(anonymous_6)
FN:96,(anonymous_7)
FN:109,(anonymous_8)
FN:113,(anonymous_9)
FNF:10
FNH:2
FNDA:0,(anonymous_0)
FNDA:0,(anonymous_1)
FNDA:0,(anonymous_2)
FNDA:0,(anonymous_3)
FNDA:0,(anonymous_4)
FNDA:0,(anonymous_5)
FNDA:0,(anonymous_6)
FNDA:1,(anonymous_7)
FNDA:1,(anonymous_8)
FNDA:0,(anonymous_9)
DA:1,1
DA:2,1
DA:5,1
DA:6,0
DA:7,0
DA:8,0
DA:9,0
DA:10,0
DA:11,0
DA:13,0
DA:38,0
DA:48,0
DA:51,0
DA:58,1
DA:59,0
DA:60,0
DA:61,0
DA:62,0
DA:64,0
DA:85,0
DA:88,0
DA:96,1
DA:98,1
DA:99,1
DA:100,1
DA:102,1
DA:111,1
DA:115,0
LF:28
LH:10
BRDA:6,0,0,0
BRDA:6,0,1,0
BRDA:59,1,0,0
BRDA:59,1,1,0
BRDA:98,2,0,1
BRDA:98,2,1,1
BRF:6
BRH:2
end_of_record
TN:
SF:server\controllers\user-controller.js
FN:12,(anonymous_0)
FN:18,(anonymous_1)
FN:21,(anonymous_2)
FN:28,(anonymous_3)
FN:35,(anonymous_4)
FN:61,(anonymous_5)
FN:67,(anonymous_6)
FNF:7
FNH:5
FNDA:1,(anonymous_0)
FNDA:1,(anonymous_1)
FNDA:0,(anonymous_2)
FNDA:4,(anonymous_3)
FNDA:4,(anonymous_4)
FNDA:0,(anonymous_5)
FNDA:1,(anonymous_6)
DA:2,1
DA:3,1
DA:4,1
DA:5,1
DA:6,1
DA:7,1
DA:9,1
DA:12,1
DA:13,1
DA:14,1
DA:19,1
DA:22,0
DA:28,1
DA:29,4
DA:30,4
DA:31,4
DA:36,4
DA:40,4
DA:41,4
DA:44,4
DA:50,4
DA:58,0
DA:62,0
DA:63,0
DA:67,1
DA:68,1
LF:26
LH:22
BRDA:13,0,0,1
BRDA:13,0,1,1
BRDA:36,1,0,4
BRDA:36,1,1,0
BRDA:37,2,0,4
BRDA:37,2,1,4
BRF:6
BRH:5
end_of_record
TN:
SF:server\routes\auth-route.js
FNF:0
FNH:0
DA:2,1
DA:5,1
DA:8,1
DA:10,1
DA:12,1
DA:15,1
LF:6
LH:6
BRF:0
BRH:0
end_of_record
TN:
SF:server\routes\lecture-route.js
FNF:0
FNH:0
DA:1,1
DA:4,1
DA:7,1
DA:9,1
DA:10,1
DA:11,1
DA:14,1
LF:7
LH:7
BRF:0
BRH:0
end_of_record
TN:
SF:server\routes\user-route.js
FNF:0
FNH:0
DA:2,1
DA:5,1
DA:8,1
DA:10,1
DA:13,1
LF:5
LH:5
BRF:0
BRH:0
end_of_record